2024-02-26 14:13:04,882 [INFO] Activator:176 - 


2024-02-26 14:13:04,882 [INFO] Activator:177 - !SESSION log4j initialized
2024-02-26 14:13:06,829 [INFO] LogOutputStream:77 - [STDOUT_REDIRECT] 
2024-02-26 14:14:01,380 [INFO] ApplicationProperties:184 - Using Application install path: C:\Program Files\STM32CubeIDE_1.14.1\STM32CubeIDE\plugins\com.st.stm32cube.common.mx_6.10.0.202311202037
2024-02-26 14:14:01,393 [INFO] DbMcusXml:78 - Set database path to: C:\Program Files\STM32CubeIDE_1.14.1\STM32CubeIDE\plugins\com.st.stm32cube.common.mx_6.10.0.202311202037\\db\/mcu/
2024-02-26 14:14:01,393 [INFO] ApiDb:274 - Set plugin database path to: C:\Program Files\STM32CubeIDE_1.14.1\STM32CubeIDE\plugins\com.st.stm32cube.common.mx_6.10.0.202311202037\\db\/plugins/boardmanager/
2024-02-26 14:14:01,394 [WARN] ApiDb:259 - Overriding images path with different value:  => C:\Program Files\STM32CubeIDE_1.14.1\STM32CubeIDE\plugins\com.st.stm32cube.common.mx_6.10.0.202311202037\\db\/plugins/mcufinder/images/
2024-02-26 14:14:01,398 [INFO] ApiDb:250 - Set database path to: C:\Users\mh293\.stmcufinder\plugins\mcufinder//mcu/
2024-02-26 14:14:01,400 [INFO] DbMcusAds:125 - Set database path to: C:\Users\mh293\.stmcufinder\plugins\mcufinder//mcu/
2024-02-26 14:14:01,461 [INFO] CrossReferenceDbSqlite:203 - Set database path to: C:\Users\mh293\.stmcufinder\plugins\mcufinder//mcu/cs/
2024-02-26 14:14:01,561 [INFO] RulesReader:64 - Compatibility file has been processed (297 Rules)
2024-02-26 14:14:01,631 [INFO] DbMcusXml:78 - Set database path to: C:\Program Files\STM32CubeIDE_1.14.1\STM32CubeIDE\plugins\com.st.stm32cube.common.mx_6.10.0.202311202037\\db\/mcu/
2024-02-26 14:14:01,631 [INFO] ApiDb:274 - Set plugin database path to: C:\Program Files\STM32CubeIDE_1.14.1\STM32CubeIDE\plugins\com.st.stm32cube.common.mx_6.10.0.202311202037\\db\/plugins/boardmanager/
2024-02-26 14:14:01,631 [INFO] ApiDb:261 - Set plugin images path to: C:\Program Files\STM32CubeIDE_1.14.1\STM32CubeIDE\plugins\com.st.stm32cube.common.mx_6.10.0.202311202037\\db\/plugins/mcufinder/images/
2024-02-26 14:14:01,631 [WARN] DbFile:41 - Overriding database path with different value: C:\Users\mh293\.stmcufinder\plugins\mcufinder/ => C:\Users\mh293\.stmcufinder\plugins\mcufinder
2024-02-26 14:14:01,632 [INFO] ApiDb:250 - Set database path to: C:\Users\mh293\.stmcufinder\plugins\mcufinder//mcu/
2024-02-26 14:14:01,632 [WARN] DbFile:41 - Overriding database path with different value: C:\Users\mh293\.stmcufinder\plugins\mcufinder/ => C:\Users\mh293\.stmcufinder\plugins\mcufinder
2024-02-26 14:14:01,632 [INFO] DbMcusAds:125 - Set database path to: C:\Users\mh293\.stmcufinder\plugins\mcufinder//mcu/
2024-02-26 14:14:01,632 [WARN] DbFile:41 - Overriding database path with different value: C:\Users\mh293\.stmcufinder\plugins\mcufinder/ => C:\Users\mh293\.stmcufinder\plugins\mcufinder
2024-02-26 14:14:01,632 [WARN] DbFile:41 - Overriding database path with different value: C:\Users\mh293\.stmcufinder\plugins\mcufinder/ => C:\Users\mh293\.stmcufinder\plugins\mcufinder
2024-02-26 14:14:01,632 [INFO] CrossReferenceDbSqlite:203 - Set database path to: C:\Users\mh293\.stmcufinder\plugins\mcufinder//mcu/cs/
2024-02-26 14:14:01,696 [INFO] MainPanel:264 - HeapMemory: 429916160
2024-02-26 14:14:01,756 [INFO] DbMcusXml:78 - Set database path to: C:\Program Files\STM32CubeIDE_1.14.1\STM32CubeIDE\plugins\com.st.stm32cube.common.mx_6.10.0.202311202037\\db\/mcu/
2024-02-26 14:14:01,756 [INFO] ApiDb:274 - Set plugin database path to: C:\Program Files\STM32CubeIDE_1.14.1\STM32CubeIDE\plugins\com.st.stm32cube.common.mx_6.10.0.202311202037\\db\/plugins/boardmanager/
2024-02-26 14:14:01,757 [INFO] ApiDb:261 - Set plugin images path to: C:\Program Files\STM32CubeIDE_1.14.1\STM32CubeIDE\plugins\com.st.stm32cube.common.mx_6.10.0.202311202037\\db\/plugins/mcufinder/images/
2024-02-26 14:14:01,757 [WARN] DbFile:41 - Overriding database path with different value: C:\Users\mh293\.stmcufinder\plugins\mcufinder/ => C:\Users\mh293\.stmcufinder\plugins\mcufinder
2024-02-26 14:14:01,757 [INFO] ApiDb:250 - Set database path to: C:\Users\mh293\.stmcufinder\plugins\mcufinder//mcu/
2024-02-26 14:14:01,757 [WARN] DbFile:41 - Overriding database path with different value: C:\Users\mh293\.stmcufinder\plugins\mcufinder/ => C:\Users\mh293\.stmcufinder\plugins\mcufinder
2024-02-26 14:14:01,757 [INFO] DbMcusAds:125 - Set database path to: C:\Users\mh293\.stmcufinder\plugins\mcufinder//mcu/
2024-02-26 14:14:01,757 [WARN] DbFile:41 - Overriding database path with different value: C:\Users\mh293\.stmcufinder\plugins\mcufinder/ => C:\Users\mh293\.stmcufinder\plugins\mcufinder
2024-02-26 14:14:01,757 [WARN] DbFile:41 - Overriding database path with different value: C:\Users\mh293\.stmcufinder\plugins\mcufinder/ => C:\Users\mh293\.stmcufinder\plugins\mcufinder
2024-02-26 14:14:01,758 [INFO] CrossReferenceDbSqlite:203 - Set database path to: C:\Users\mh293\.stmcufinder\plugins\mcufinder//mcu/cs/
2024-02-26 14:14:01,776 [INFO] ApplicationProperties:184 - Using Application install path: C:\Program Files\STM32CubeIDE_1.14.1\STM32CubeIDE\plugins\com.st.stm32cube.common.mx_6.10.0.202311202037
2024-02-26 14:14:01,778 [INFO] PluginManage:196 - Search for loadable plugins [exclusion list=, ]
2024-02-26 14:14:01,780 [INFO] PluginManage:310 - Check plugin analytics
2024-02-26 14:14:01,930 [INFO] AnalyticsPlugin:253 - Accepted Software Licenses: STM32CubeMX.6.10.0
2024-02-26 14:14:01,930 [INFO] AnalyticsPlugin:255 - Accepted CMSIS Pack Licenses: STMicroelectronics.X-CUBE-BLE2.3.3.0,STMicroelectronics.X-CUBE-TOUCHGFX.4.23.1
2024-02-26 14:14:01,930 [INFO] AnalyticsPlugin:257 - Accepted Firmware Licenses: FW.F4.1.28.0,FW.F7.1.17.0
2024-02-26 14:14:01,933 [INFO] PluginManage:359 - Loaded plugin analytics (category:tool,tabindex:-1)
2024-02-26 14:14:01,934 [INFO] PluginManage:310 - Check plugin cadmodel
2024-02-26 14:14:01,938 [INFO] CADModel:105 - Init CAD model plugin
2024-02-26 14:14:01,938 [INFO] PluginManage:359 - Loaded plugin cadmodel (category:power,tabindex:5)
2024-02-26 14:14:01,939 [INFO] PluginManage:310 - Check plugin clock
2024-02-26 14:14:01,947 [INFO] PluginManage:359 - Loaded plugin clock (category:base,tabindex:2)
2024-02-26 14:14:01,947 [INFO] PluginManage:310 - Check plugin ddr
2024-02-26 14:14:01,949 [INFO] PluginManage:359 - Loaded plugin ddr (category:tool,tabindex:6)
2024-02-26 14:14:01,949 [INFO] PluginManage:310 - Check plugin filemanager
2024-02-26 14:14:02,067 [INFO] PluginManage:359 - Loaded plugin filemanager (category:base,tabindex:10)
2024-02-26 14:14:02,067 [INFO] PluginManage:310 - Check plugin ipmanager
2024-02-26 14:14:02,074 [INFO] PluginManage:359 - Loaded plugin ipmanager (category:base,tabindex:5)
2024-02-26 14:14:02,075 [INFO] PluginManage:310 - Check plugin lpbam
2024-02-26 14:14:02,081 [INFO] PluginManage:359 - Loaded plugin lpbam (category:base,tabindex:0)
2024-02-26 14:14:02,081 [INFO] PluginManage:310 - Check plugin memorymap
2024-02-26 14:14:02,091 [INFO] PluginManage:359 - Loaded plugin memorymap (category:base,tabindex:4)
2024-02-26 14:14:02,091 [INFO] PluginManage:310 - Check plugin pinoutandconfiguration
2024-02-26 14:14:02,097 [INFO] PluginManage:359 - Loaded plugin pinoutandconfiguration (category:base,tabindex:1)
2024-02-26 14:14:02,097 [INFO] PluginManage:310 - Check plugin pinoutconfig
2024-02-26 14:14:02,165 [WARN] SupportedApi:132 - Cannot load RTOS API schema: s4s-elt-must-match.1: The content of 'definitions' must match (annotation?, (simpleType | complexType)?, (unique | key | keyref)*)). A problem was found starting at: attribute.
2024-02-26 14:14:02,267 [INFO] PluginManage:359 - Loaded plugin pinoutconfig (category:base,tabindex:0)
2024-02-26 14:14:02,267 [INFO] PluginManage:310 - Check plugin power
2024-02-26 14:14:02,275 [INFO] PluginManage:359 - Loaded plugin power (category:power,tabindex:4)
2024-02-26 14:14:02,275 [INFO] PluginManage:310 - Check plugin projectmanager
2024-02-26 14:14:02,290 [INFO] PluginManage:359 - Loaded plugin projectmanager (category:projectmanager,tabindex:3)
2024-02-26 14:14:02,290 [INFO] PluginManage:310 - Check plugin thirdparty
2024-02-26 14:14:02,402 [INFO] PluginManage:359 - Loaded plugin thirdparty (category:base,tabindex:-1)
2024-02-26 14:14:02,402 [INFO] PluginManage:310 - Check plugin tools
2024-02-26 14:14:02,402 [WARN] IntegrityCheckThread:84 - waiting for thirdparty lock release [integrity check]
2024-02-26 14:14:02,402 [INFO] IntegrityCheckThread:86 - entering critical section [integrity check]
2024-02-26 14:14:02,403 [INFO] ThirdPartyUpdaterWithRetryManager:70 - Updater plugin not ready yet. [1/15]
2024-02-26 14:14:02,405 [INFO] PluginManage:359 - Loaded plugin tools (category:base,tabindex:7)
2024-02-26 14:14:02,406 [INFO] PluginManage:310 - Check plugin tutovideos
2024-02-26 14:14:02,533 [INFO] PluginManage:359 - Loaded plugin tutovideos (category:base,tabindex:-1)
2024-02-26 14:14:02,533 [INFO] PluginManage:310 - Check plugin updater
2024-02-26 14:14:02,541 [INFO] PluginManage:359 - Loaded plugin updater (category:base,tabindex:12)
2024-02-26 14:14:02,542 [INFO] PluginManage:310 - Check plugin userauth
2024-02-26 14:14:02,546 [INFO] UserAuth:114 - Init User Auth plugin
2024-02-26 14:14:02,546 [INFO] PluginManage:359 - Loaded plugin userauth (category:base,tabindex:14)
2024-02-26 14:14:02,546 [INFO] PluginManage:283 - PluginManage : Loaded plugins [17]
2024-02-26 14:14:02,728 [INFO] PinOutPanel:1499 - setPackage(No Configuration,No Configuration)
2024-02-26 14:14:02,784 [INFO] CADModel:165 - CPN selected for project level
2024-02-26 14:14:02,784 [INFO] CADModel:114 - Register for checkConnection events
2024-02-26 14:14:02,796 [INFO] IPUIPlugin:80 - create IPUIPlugin
2024-02-26 14:14:02,797 [INFO] PluginManager:220 - loadIPPluginJar : add adc
2024-02-26 14:14:02,799 [INFO] IPUIPlugin:80 - create IPUIPlugin
2024-02-26 14:14:02,799 [INFO] PluginManager:220 - loadIPPluginJar : add aes
2024-02-26 14:14:02,801 [INFO] IPUIPlugin:80 - create IPUIPlugin
2024-02-26 14:14:02,801 [INFO] PluginManager:220 - loadIPPluginJar : add can
2024-02-26 14:14:02,802 [INFO] IPUIPlugin:80 - create IPUIPlugin
2024-02-26 14:14:02,802 [INFO] PluginManager:220 - loadIPPluginJar : add comp
2024-02-26 14:14:02,804 [INFO] IPUIPlugin:80 - create IPUIPlugin
2024-02-26 14:14:02,804 [INFO] PluginManager:220 - loadIPPluginJar : add cryp
2024-02-26 14:14:02,806 [INFO] IPUIPlugin:80 - create IPUIPlugin
2024-02-26 14:14:02,806 [INFO] PluginManager:220 - loadIPPluginJar : add dfsdm
2024-02-26 14:14:02,810 [INFO] IPUIPlugin:80 - create IPUIPlugin
2024-02-26 14:14:02,811 [INFO] PluginManager:220 - loadIPPluginJar : add dma
2024-02-26 14:14:02,813 [INFO] IPUIPlugin:80 - create IPUIPlugin
2024-02-26 14:14:02,814 [INFO] PluginManager:220 - loadIPPluginJar : add dma3
2024-02-26 14:14:02,816 [INFO] IPUIPlugin:80 - create IPUIPlugin
2024-02-26 14:14:02,816 [INFO] PluginManager:220 - loadIPPluginJar : add fatfs
2024-02-26 14:14:02,821 [INFO] IPUIPlugin:80 - create IPUIPlugin
2024-02-26 14:14:02,822 [INFO] PluginManager:220 - loadIPPluginJar : add fmc
2024-02-26 14:14:02,830 [INFO] IPUIPlugin:80 - create IPUIPlugin
2024-02-26 14:14:02,831 [INFO] PluginManager:220 - loadIPPluginJar : add freertos
2024-02-26 14:14:02,832 [INFO] IPUIPlugin:80 - create IPUIPlugin
2024-02-26 14:14:02,832 [INFO] PluginManager:220 - loadIPPluginJar : add genericplugin
2024-02-26 14:14:02,834 [INFO] IPUIPlugin:80 - create IPUIPlugin
2024-02-26 14:14:02,834 [INFO] PluginManager:220 - loadIPPluginJar : add gfxmmu
2024-02-26 14:14:02,839 [INFO] IPUIPlugin:80 - create IPUIPlugin
2024-02-26 14:14:02,839 [INFO] PluginManager:220 - loadIPPluginJar : add gic
2024-02-26 14:14:02,842 [INFO] IPUIPlugin:80 - create IPUIPlugin
2024-02-26 14:14:02,843 [INFO] PluginManager:220 - loadIPPluginJar : add gpio
2024-02-26 14:14:02,845 [INFO] IPUIPlugin:80 - create IPUIPlugin
2024-02-26 14:14:02,845 [INFO] PluginManager:220 - loadIPPluginJar : add gtzc
2024-02-26 14:14:02,847 [INFO] IPUIPlugin:80 - create IPUIPlugin
2024-02-26 14:14:02,847 [INFO] PluginManager:220 - loadIPPluginJar : add hash
2024-02-26 14:14:02,849 [INFO] IPUIPlugin:80 - create IPUIPlugin
2024-02-26 14:14:02,849 [INFO] PluginManager:220 - loadIPPluginJar : add i2c
2024-02-26 14:14:02,851 [INFO] IPUIPlugin:80 - create IPUIPlugin
2024-02-26 14:14:02,852 [INFO] PluginManager:220 - loadIPPluginJar : add i2s
2024-02-26 14:14:02,854 [INFO] IPUIPlugin:80 - create IPUIPlugin
2024-02-26 14:14:02,854 [INFO] PluginManager:220 - loadIPPluginJar : add i3c
2024-02-26 14:14:02,856 [INFO] IPUIPlugin:80 - create IPUIPlugin
2024-02-26 14:14:02,857 [INFO] PluginManager:220 - loadIPPluginJar : add ipddr
2024-02-26 14:14:02,862 [INFO] IPUIPlugin:80 - create IPUIPlugin
2024-02-26 14:14:02,862 [INFO] PluginManager:220 - loadIPPluginJar : add linkedlist
2024-02-26 14:14:02,865 [INFO] IPUIPlugin:80 - create IPUIPlugin
2024-02-26 14:14:02,865 [INFO] PluginManager:220 - loadIPPluginJar : add lorawan
2024-02-26 14:14:02,866 [INFO] IPUIPlugin:80 - create IPUIPlugin
2024-02-26 14:14:02,866 [INFO] PluginManager:220 - loadIPPluginJar : add ltdc
2024-02-26 14:14:02,871 [INFO] IPUIPlugin:80 - create IPUIPlugin
2024-02-26 14:14:02,872 [INFO] PluginManager:220 - loadIPPluginJar : add mdma
2024-02-26 14:14:02,875 [INFO] IPUIPlugin:80 - create IPUIPlugin
2024-02-26 14:14:02,875 [INFO] PluginManager:220 - loadIPPluginJar : add nvic
2024-02-26 14:14:02,878 [INFO] IPUIPlugin:80 - create IPUIPlugin
2024-02-26 14:14:02,878 [INFO] PluginManager:220 - loadIPPluginJar : add opamp
2024-02-26 14:14:02,880 [INFO] IPUIPlugin:80 - create IPUIPlugin
2024-02-26 14:14:02,880 [INFO] PluginManager:220 - loadIPPluginJar : add openamp
2024-02-26 14:14:02,883 [INFO] IPUIPlugin:80 - create IPUIPlugin
2024-02-26 14:14:02,883 [INFO] PluginManager:220 - loadIPPluginJar : add pdm2pcm
2024-02-26 14:14:02,891 [INFO] IPUIPlugin:80 - create IPUIPlugin
2024-02-26 14:14:02,894 [INFO] PluginManager:220 - loadIPPluginJar : add plateformsettings
2024-02-26 14:14:02,896 [INFO] IPUIPlugin:80 - create IPUIPlugin
2024-02-26 14:14:02,896 [INFO] PluginManager:220 - loadIPPluginJar : add quadspi
2024-02-26 14:14:02,899 [INFO] IPUIPlugin:80 - create IPUIPlugin
2024-02-26 14:14:02,899 [INFO] PluginManager:220 - loadIPPluginJar : add resmgrutility
2024-02-26 14:14:02,901 [INFO] IPUIPlugin:80 - create IPUIPlugin
2024-02-26 14:14:02,902 [INFO] PluginManager:220 - loadIPPluginJar : add sai
2024-02-26 14:14:02,904 [INFO] IPUIPlugin:80 - create IPUIPlugin
2024-02-26 14:14:02,904 [INFO] PluginManager:220 - loadIPPluginJar : add spi
2024-02-26 14:14:02,909 [INFO] IPUIPlugin:80 - create IPUIPlugin
2024-02-26 14:14:02,909 [INFO] PluginManager:220 - loadIPPluginJar : add stm32_wpan
2024-02-26 14:14:02,910 [INFO] IPUIPlugin:80 - create IPUIPlugin
2024-02-26 14:14:02,911 [INFO] PluginManager:220 - loadIPPluginJar : add tim
2024-02-26 14:14:02,913 [INFO] IPUIPlugin:80 - create IPUIPlugin
2024-02-26 14:14:02,913 [INFO] PluginManager:220 - loadIPPluginJar : add touchsensing
2024-02-26 14:14:02,915 [INFO] IPUIPlugin:80 - create IPUIPlugin
2024-02-26 14:14:02,915 [INFO] PluginManager:220 - loadIPPluginJar : add tracer_emb
2024-02-26 14:14:02,917 [INFO] IPUIPlugin:80 - create IPUIPlugin
2024-02-26 14:14:02,917 [INFO] PluginManager:220 - loadIPPluginJar : add ts
2024-02-26 14:14:02,918 [INFO] IPUIPlugin:80 - create IPUIPlugin
2024-02-26 14:14:02,919 [INFO] PluginManager:220 - loadIPPluginJar : add tsc
2024-02-26 14:14:02,920 [INFO] IPUIPlugin:80 - create IPUIPlugin
2024-02-26 14:14:02,920 [INFO] PluginManager:220 - loadIPPluginJar : add ucpd
2024-02-26 14:14:02,923 [INFO] IPUIPlugin:80 - create IPUIPlugin
2024-02-26 14:14:02,923 [INFO] PluginManager:220 - loadIPPluginJar : add usart
2024-02-26 14:14:02,925 [INFO] IPUIPlugin:80 - create IPUIPlugin
2024-02-26 14:14:02,925 [INFO] PluginManager:220 - loadIPPluginJar : add usbx
2024-02-26 14:14:03,048 [INFO] CADModel:165 - CPN selected for project level
2024-02-26 14:14:03,048 [INFO] CADModel:114 - Register for checkConnection events
2024-02-26 14:14:03,048 [FATAL] Updater:308 - Updater called before beeing initialized
2024-02-26 14:14:03,048 [ERROR] CADModel:125 - Updater not yet initialized, retry later 
2024-02-26 14:14:03,209 [INFO] CADModel:165 - CPN selected for project level
2024-02-26 14:14:03,209 [INFO] CADModel:114 - Register for checkConnection events
2024-02-26 14:14:03,209 [FATAL] Updater:308 - Updater called before beeing initialized
2024-02-26 14:14:03,209 [ERROR] CADModel:125 - Updater not yet initialized, retry later 
2024-02-26 14:14:03,213 [FATAL] Updater:308 - Updater called before beeing initialized
2024-02-26 14:14:03,318 [FATAL] Updater:308 - Updater called before beeing initialized
2024-02-26 14:14:03,321 [INFO] DbMcusAds:53 - JSON generation date=Wed Nov 29 11:52:27 CET 2023 (1701255147349)
2024-02-26 14:14:03,321 [FATAL] Updater:308 - Updater called before beeing initialized
2024-02-26 14:14:03,349 [WARN] DetailPanel:346 - Failed to get advertising image, set to default
2024-02-26 14:14:03,424 [FATAL] Updater:308 - Updater called before beeing initialized
2024-02-26 14:14:03,425 [FATAL] Updater:308 - Updater called before beeing initialized
2024-02-26 14:14:03,426 [FATAL] Updater:308 - Updater called before beeing initialized
2024-02-26 14:14:03,426 [WARN] DetailPanel:346 - Failed to get advertising image, set to default
2024-02-26 14:14:03,426 [FATAL] Updater:308 - Updater called before beeing initialized
2024-02-26 14:14:03,469 [ERROR] Updater:1120 - MainUpdater not yet initialized. External WinMGr cannot be set.
2024-02-26 14:14:03,471 [INFO] Updater:1056 - Updater Version found : 6.10.0
2024-02-26 14:14:03,486 [INFO] ApplicationProperties:184 - Using Application install path: C:\Program Files\STM32CubeIDE_1.14.1\STM32CubeIDE\plugins\com.st.stm32cube.common.mx_6.10.0.202311202037
2024-02-26 14:14:03,742 [INFO] MainUpdater:2873 - connection check result : 10
2024-02-26 14:14:03,742 [INFO] MainUpdater:290 - Updater Check For Update Now.
2024-02-26 14:14:03,743 [INFO] MicroXplorer:498 - Change Database Version : DB.6.0.100
2024-02-26 14:14:03,747 [INFO] McuFinderGlobals:63 - Set McuFinder mode to 2 (CubeIDE integrated)
2024-02-26 14:14:03,747 [INFO] UserAuth:180 - activating auth plugin
2024-02-26 14:14:03,750 [INFO] UserAuth:404 - Internet connection configuration mode: 1
2024-02-26 14:14:03,768 [INFO] JxBrowserEngine:152 - Initiate JxBrowser Engine with user profile folder
2024-02-26 14:14:03,916 [INFO] CheckServerUpdateThread:120 - End of CheckServer Thread
2024-02-26 14:14:04,416 [INFO] WebApp:161 - Instantiating new browser for Auth
2024-02-26 14:14:04,975 [INFO] WebApp:780 - Register for checkConnection events
2024-02-26 14:14:04,975 [INFO] WebApp:414 - Apply proxy settings
2024-02-26 14:14:04,975 [INFO] WebApp:499 - Chromium requires no authentication
2024-02-26 14:14:04,985 [INFO] WebApp:442 - Direct internet connection detected
2024-02-26 14:14:05,350 [INFO] WebApp:192 - Starting web application
2024-02-26 14:14:05,351 [INFO] WebApp:544 - Web application path used C:\Program Files\STM32CubeIDE_1.14.1\STM32CubeIDE\plugins\com.st.stm32cube.common.mx_6.10.0.202311202037\db\plugins\mcufinder\reactClient1\index.html
2024-02-26 14:14:05,571 [WARN] PackLoader:240 - Cannot read IP mode file for STMicroelectronics.X-CUBE-SMBUS.2.1.0
2024-02-26 14:14:05,581 [WARN] PackLoader:240 - Cannot read IP mode file for STMicroelectronics.X-CUBE-TOUCHGFX.4.23.1
2024-02-26 14:14:05,615 [ERROR] LogOutputStream:75 - [STDERR_REDIRECT] 
2024-02-26 14:14:27,347 [INFO] Activator:176 - 


2024-02-26 14:14:27,347 [INFO] Activator:177 - !SESSION log4j initialized
2024-02-26 14:14:31,010 [INFO] LogOutputStream:77 - [STDOUT_REDIRECT] 
2024-02-26 14:14:43,602 [INFO] ApplicationProperties:184 - Using Application install path: C:\Program Files\STM32CubeIDE_1.14.1\STM32CubeIDE\plugins\com.st.stm32cube.common.mx_6.10.0.202311202037
2024-02-26 14:14:43,614 [INFO] DbMcusXml:78 - Set database path to: C:\Program Files\STM32CubeIDE_1.14.1\STM32CubeIDE\plugins\com.st.stm32cube.common.mx_6.10.0.202311202037\\db\/mcu/
2024-02-26 14:14:43,615 [INFO] ApiDb:274 - Set plugin database path to: C:\Program Files\STM32CubeIDE_1.14.1\STM32CubeIDE\plugins\com.st.stm32cube.common.mx_6.10.0.202311202037\\db\/plugins/boardmanager/
2024-02-26 14:14:43,615 [WARN] ApiDb:259 - Overriding images path with different value:  => C:\Program Files\STM32CubeIDE_1.14.1\STM32CubeIDE\plugins\com.st.stm32cube.common.mx_6.10.0.202311202037\\db\/plugins/mcufinder/images/
2024-02-26 14:14:43,619 [INFO] ApiDb:250 - Set database path to: C:\Users\mh293\.stmcufinder\plugins\mcufinder//mcu/
2024-02-26 14:14:43,620 [INFO] DbMcusAds:125 - Set database path to: C:\Users\mh293\.stmcufinder\plugins\mcufinder//mcu/
2024-02-26 14:14:43,647 [INFO] CrossReferenceDbSqlite:203 - Set database path to: C:\Users\mh293\.stmcufinder\plugins\mcufinder//mcu/cs/
2024-02-26 14:14:43,731 [INFO] RulesReader:64 - Compatibility file has been processed (297 Rules)
2024-02-26 14:14:43,787 [INFO] DbMcusXml:78 - Set database path to: C:\Program Files\STM32CubeIDE_1.14.1\STM32CubeIDE\plugins\com.st.stm32cube.common.mx_6.10.0.202311202037\\db\/mcu/
2024-02-26 14:14:43,787 [INFO] ApiDb:274 - Set plugin database path to: C:\Program Files\STM32CubeIDE_1.14.1\STM32CubeIDE\plugins\com.st.stm32cube.common.mx_6.10.0.202311202037\\db\/plugins/boardmanager/
2024-02-26 14:14:43,787 [INFO] ApiDb:261 - Set plugin images path to: C:\Program Files\STM32CubeIDE_1.14.1\STM32CubeIDE\plugins\com.st.stm32cube.common.mx_6.10.0.202311202037\\db\/plugins/mcufinder/images/
2024-02-26 14:14:43,788 [WARN] DbFile:41 - Overriding database path with different value: C:\Users\mh293\.stmcufinder\plugins\mcufinder/ => C:\Users\mh293\.stmcufinder\plugins\mcufinder
2024-02-26 14:14:43,788 [INFO] ApiDb:250 - Set database path to: C:\Users\mh293\.stmcufinder\plugins\mcufinder//mcu/
2024-02-26 14:14:43,788 [WARN] DbFile:41 - Overriding database path with different value: C:\Users\mh293\.stmcufinder\plugins\mcufinder/ => C:\Users\mh293\.stmcufinder\plugins\mcufinder
2024-02-26 14:14:43,788 [INFO] DbMcusAds:125 - Set database path to: C:\Users\mh293\.stmcufinder\plugins\mcufinder//mcu/
2024-02-26 14:14:43,788 [WARN] DbFile:41 - Overriding database path with different value: C:\Users\mh293\.stmcufinder\plugins\mcufinder/ => C:\Users\mh293\.stmcufinder\plugins\mcufinder
2024-02-26 14:14:43,788 [WARN] DbFile:41 - Overriding database path with different value: C:\Users\mh293\.stmcufinder\plugins\mcufinder/ => C:\Users\mh293\.stmcufinder\plugins\mcufinder
2024-02-26 14:14:43,788 [INFO] CrossReferenceDbSqlite:203 - Set database path to: C:\Users\mh293\.stmcufinder\plugins\mcufinder//mcu/cs/
2024-02-26 14:14:43,846 [INFO] MainPanel:264 - HeapMemory: 268435456
2024-02-26 14:14:43,906 [INFO] DbMcusXml:78 - Set database path to: C:\Program Files\STM32CubeIDE_1.14.1\STM32CubeIDE\plugins\com.st.stm32cube.common.mx_6.10.0.202311202037\\db\/mcu/
2024-02-26 14:14:43,906 [INFO] ApiDb:274 - Set plugin database path to: C:\Program Files\STM32CubeIDE_1.14.1\STM32CubeIDE\plugins\com.st.stm32cube.common.mx_6.10.0.202311202037\\db\/plugins/boardmanager/
2024-02-26 14:14:43,906 [INFO] ApiDb:261 - Set plugin images path to: C:\Program Files\STM32CubeIDE_1.14.1\STM32CubeIDE\plugins\com.st.stm32cube.common.mx_6.10.0.202311202037\\db\/plugins/mcufinder/images/
2024-02-26 14:14:43,907 [WARN] DbFile:41 - Overriding database path with different value: C:\Users\mh293\.stmcufinder\plugins\mcufinder/ => C:\Users\mh293\.stmcufinder\plugins\mcufinder
2024-02-26 14:14:43,907 [INFO] ApiDb:250 - Set database path to: C:\Users\mh293\.stmcufinder\plugins\mcufinder//mcu/
2024-02-26 14:14:43,907 [WARN] DbFile:41 - Overriding database path with different value: C:\Users\mh293\.stmcufinder\plugins\mcufinder/ => C:\Users\mh293\.stmcufinder\plugins\mcufinder
2024-02-26 14:14:43,907 [INFO] DbMcusAds:125 - Set database path to: C:\Users\mh293\.stmcufinder\plugins\mcufinder//mcu/
2024-02-26 14:14:43,907 [WARN] DbFile:41 - Overriding database path with different value: C:\Users\mh293\.stmcufinder\plugins\mcufinder/ => C:\Users\mh293\.stmcufinder\plugins\mcufinder
2024-02-26 14:14:43,907 [WARN] DbFile:41 - Overriding database path with different value: C:\Users\mh293\.stmcufinder\plugins\mcufinder/ => C:\Users\mh293\.stmcufinder\plugins\mcufinder
2024-02-26 14:14:43,907 [INFO] CrossReferenceDbSqlite:203 - Set database path to: C:\Users\mh293\.stmcufinder\plugins\mcufinder//mcu/cs/
2024-02-26 14:14:43,922 [INFO] ApplicationProperties:184 - Using Application install path: C:\Program Files\STM32CubeIDE_1.14.1\STM32CubeIDE\plugins\com.st.stm32cube.common.mx_6.10.0.202311202037
2024-02-26 14:14:43,923 [INFO] PluginManage:196 - Search for loadable plugins [exclusion list=, ]
2024-02-26 14:14:43,925 [INFO] PluginManage:310 - Check plugin analytics
2024-02-26 14:14:44,077 [INFO] AnalyticsPlugin:253 - Accepted Software Licenses: STM32CubeMX.6.10.0
2024-02-26 14:14:44,077 [INFO] AnalyticsPlugin:255 - Accepted CMSIS Pack Licenses: STMicroelectronics.X-CUBE-BLE2.3.3.0,STMicroelectronics.X-CUBE-TOUCHGFX.4.23.1
2024-02-26 14:14:44,077 [INFO] AnalyticsPlugin:257 - Accepted Firmware Licenses: FW.F4.1.28.0,FW.F7.1.17.0
2024-02-26 14:14:44,080 [INFO] PluginManage:359 - Loaded plugin analytics (category:tool,tabindex:-1)
2024-02-26 14:14:44,081 [INFO] PluginManage:310 - Check plugin cadmodel
2024-02-26 14:14:44,085 [INFO] CADModel:105 - Init CAD model plugin
2024-02-26 14:14:44,085 [INFO] PluginManage:359 - Loaded plugin cadmodel (category:power,tabindex:5)
2024-02-26 14:14:44,085 [INFO] PluginManage:310 - Check plugin clock
2024-02-26 14:14:44,092 [INFO] PluginManage:359 - Loaded plugin clock (category:base,tabindex:2)
2024-02-26 14:14:44,092 [INFO] PluginManage:310 - Check plugin ddr
2024-02-26 14:14:44,093 [INFO] PluginManage:359 - Loaded plugin ddr (category:tool,tabindex:6)
2024-02-26 14:14:44,094 [INFO] PluginManage:310 - Check plugin filemanager
2024-02-26 14:14:44,205 [INFO] PluginManage:359 - Loaded plugin filemanager (category:base,tabindex:10)
2024-02-26 14:14:44,205 [INFO] PluginManage:310 - Check plugin ipmanager
2024-02-26 14:14:44,212 [INFO] PluginManage:359 - Loaded plugin ipmanager (category:base,tabindex:5)
2024-02-26 14:14:44,212 [INFO] PluginManage:310 - Check plugin lpbam
2024-02-26 14:14:44,219 [INFO] PluginManage:359 - Loaded plugin lpbam (category:base,tabindex:0)
2024-02-26 14:14:44,219 [INFO] PluginManage:310 - Check plugin memorymap
2024-02-26 14:14:44,229 [INFO] PluginManage:359 - Loaded plugin memorymap (category:base,tabindex:4)
2024-02-26 14:14:44,229 [INFO] PluginManage:310 - Check plugin pinoutandconfiguration
2024-02-26 14:14:44,235 [INFO] PluginManage:359 - Loaded plugin pinoutandconfiguration (category:base,tabindex:1)
2024-02-26 14:14:44,235 [INFO] PluginManage:310 - Check plugin pinoutconfig
2024-02-26 14:14:44,311 [WARN] SupportedApi:132 - Cannot load RTOS API schema: s4s-elt-must-match.1: The content of 'definitions' must match (annotation?, (simpleType | complexType)?, (unique | key | keyref)*)). A problem was found starting at: attribute.
2024-02-26 14:14:44,423 [INFO] PluginManage:359 - Loaded plugin pinoutconfig (category:base,tabindex:0)
2024-02-26 14:14:44,423 [INFO] PluginManage:310 - Check plugin power
2024-02-26 14:14:44,431 [INFO] PluginManage:359 - Loaded plugin power (category:power,tabindex:4)
2024-02-26 14:14:44,431 [INFO] PluginManage:310 - Check plugin projectmanager
2024-02-26 14:14:44,446 [INFO] PluginManage:359 - Loaded plugin projectmanager (category:projectmanager,tabindex:3)
2024-02-26 14:14:44,446 [INFO] PluginManage:310 - Check plugin thirdparty
2024-02-26 14:14:44,551 [INFO] PluginManage:359 - Loaded plugin thirdparty (category:base,tabindex:-1)
2024-02-26 14:14:44,551 [INFO] PluginManage:310 - Check plugin tools
2024-02-26 14:14:44,551 [WARN] IntegrityCheckThread:84 - waiting for thirdparty lock release [integrity check]
2024-02-26 14:14:44,551 [INFO] IntegrityCheckThread:86 - entering critical section [integrity check]
2024-02-26 14:14:44,552 [INFO] ThirdPartyUpdaterWithRetryManager:70 - Updater plugin not ready yet. [1/15]
2024-02-26 14:14:44,553 [INFO] PluginManage:359 - Loaded plugin tools (category:base,tabindex:7)
2024-02-26 14:14:44,553 [INFO] PluginManage:310 - Check plugin tutovideos
2024-02-26 14:14:44,686 [INFO] PluginManage:359 - Loaded plugin tutovideos (category:base,tabindex:-1)
2024-02-26 14:14:44,686 [INFO] PluginManage:310 - Check plugin updater
2024-02-26 14:14:44,697 [INFO] PluginManage:359 - Loaded plugin updater (category:base,tabindex:12)
2024-02-26 14:14:44,697 [INFO] PluginManage:310 - Check plugin userauth
2024-02-26 14:14:44,701 [INFO] UserAuth:114 - Init User Auth plugin
2024-02-26 14:14:44,701 [INFO] PluginManage:359 - Loaded plugin userauth (category:base,tabindex:14)
2024-02-26 14:14:44,701 [INFO] PluginManage:283 - PluginManage : Loaded plugins [17]
2024-02-26 14:14:44,870 [INFO] PinOutPanel:1499 - setPackage(No Configuration,No Configuration)
2024-02-26 14:14:44,933 [INFO] CADModel:165 - CPN selected for project level
2024-02-26 14:14:44,933 [INFO] CADModel:114 - Register for checkConnection events
2024-02-26 14:14:44,945 [INFO] IPUIPlugin:80 - create IPUIPlugin
2024-02-26 14:14:44,945 [INFO] PluginManager:220 - loadIPPluginJar : add adc
2024-02-26 14:14:44,947 [INFO] IPUIPlugin:80 - create IPUIPlugin
2024-02-26 14:14:44,947 [INFO] PluginManager:220 - loadIPPluginJar : add aes
2024-02-26 14:14:44,950 [INFO] IPUIPlugin:80 - create IPUIPlugin
2024-02-26 14:14:44,950 [INFO] PluginManager:220 - loadIPPluginJar : add can
2024-02-26 14:14:44,952 [INFO] IPUIPlugin:80 - create IPUIPlugin
2024-02-26 14:14:44,952 [INFO] PluginManager:220 - loadIPPluginJar : add comp
2024-02-26 14:14:44,954 [INFO] IPUIPlugin:80 - create IPUIPlugin
2024-02-26 14:14:44,954 [INFO] PluginManager:220 - loadIPPluginJar : add cryp
2024-02-26 14:14:44,956 [INFO] IPUIPlugin:80 - create IPUIPlugin
2024-02-26 14:14:44,956 [INFO] PluginManager:220 - loadIPPluginJar : add dfsdm
2024-02-26 14:14:44,960 [INFO] IPUIPlugin:80 - create IPUIPlugin
2024-02-26 14:14:44,961 [INFO] PluginManager:220 - loadIPPluginJar : add dma
2024-02-26 14:14:44,963 [INFO] IPUIPlugin:80 - create IPUIPlugin
2024-02-26 14:14:44,963 [INFO] PluginManager:220 - loadIPPluginJar : add dma3
2024-02-26 14:14:44,964 [INFO] IPUIPlugin:80 - create IPUIPlugin
2024-02-26 14:14:44,964 [INFO] PluginManager:220 - loadIPPluginJar : add fatfs
2024-02-26 14:14:44,968 [INFO] IPUIPlugin:80 - create IPUIPlugin
2024-02-26 14:14:44,968 [INFO] PluginManager:220 - loadIPPluginJar : add fmc
2024-02-26 14:14:44,974 [INFO] IPUIPlugin:80 - create IPUIPlugin
2024-02-26 14:14:44,974 [INFO] PluginManager:220 - loadIPPluginJar : add freertos
2024-02-26 14:14:44,975 [INFO] IPUIPlugin:80 - create IPUIPlugin
2024-02-26 14:14:44,975 [INFO] PluginManager:220 - loadIPPluginJar : add genericplugin
2024-02-26 14:14:44,977 [INFO] IPUIPlugin:80 - create IPUIPlugin
2024-02-26 14:14:44,977 [INFO] PluginManager:220 - loadIPPluginJar : add gfxmmu
2024-02-26 14:14:44,982 [INFO] IPUIPlugin:80 - create IPUIPlugin
2024-02-26 14:14:44,982 [INFO] PluginManager:220 - loadIPPluginJar : add gic
2024-02-26 14:14:44,985 [INFO] IPUIPlugin:80 - create IPUIPlugin
2024-02-26 14:14:44,985 [INFO] PluginManager:220 - loadIPPluginJar : add gpio
2024-02-26 14:14:44,987 [INFO] IPUIPlugin:80 - create IPUIPlugin
2024-02-26 14:14:44,987 [INFO] PluginManager:220 - loadIPPluginJar : add gtzc
2024-02-26 14:14:44,990 [INFO] IPUIPlugin:80 - create IPUIPlugin
2024-02-26 14:14:44,990 [INFO] PluginManager:220 - loadIPPluginJar : add hash
2024-02-26 14:14:44,993 [INFO] IPUIPlugin:80 - create IPUIPlugin
2024-02-26 14:14:44,993 [INFO] PluginManager:220 - loadIPPluginJar : add i2c
2024-02-26 14:14:44,995 [INFO] IPUIPlugin:80 - create IPUIPlugin
2024-02-26 14:14:44,995 [INFO] PluginManager:220 - loadIPPluginJar : add i2s
2024-02-26 14:14:44,998 [INFO] IPUIPlugin:80 - create IPUIPlugin
2024-02-26 14:14:44,998 [INFO] PluginManager:220 - loadIPPluginJar : add i3c
2024-02-26 14:14:45,001 [INFO] IPUIPlugin:80 - create IPUIPlugin
2024-02-26 14:14:45,001 [INFO] PluginManager:220 - loadIPPluginJar : add ipddr
2024-02-26 14:14:45,007 [INFO] IPUIPlugin:80 - create IPUIPlugin
2024-02-26 14:14:45,007 [INFO] PluginManager:220 - loadIPPluginJar : add linkedlist
2024-02-26 14:14:45,009 [INFO] IPUIPlugin:80 - create IPUIPlugin
2024-02-26 14:14:45,009 [INFO] PluginManager:220 - loadIPPluginJar : add lorawan
2024-02-26 14:14:45,011 [INFO] IPUIPlugin:80 - create IPUIPlugin
2024-02-26 14:14:45,011 [INFO] PluginManager:220 - loadIPPluginJar : add ltdc
2024-02-26 14:14:45,015 [INFO] IPUIPlugin:80 - create IPUIPlugin
2024-02-26 14:14:45,015 [INFO] PluginManager:220 - loadIPPluginJar : add mdma
2024-02-26 14:14:45,018 [INFO] IPUIPlugin:80 - create IPUIPlugin
2024-02-26 14:14:45,018 [INFO] PluginManager:220 - loadIPPluginJar : add nvic
2024-02-26 14:14:45,020 [INFO] IPUIPlugin:80 - create IPUIPlugin
2024-02-26 14:14:45,020 [INFO] PluginManager:220 - loadIPPluginJar : add opamp
2024-02-26 14:14:45,022 [INFO] IPUIPlugin:80 - create IPUIPlugin
2024-02-26 14:14:45,022 [INFO] PluginManager:220 - loadIPPluginJar : add openamp
2024-02-26 14:14:45,024 [INFO] IPUIPlugin:80 - create IPUIPlugin
2024-02-26 14:14:45,024 [INFO] PluginManager:220 - loadIPPluginJar : add pdm2pcm
2024-02-26 14:14:45,029 [INFO] IPUIPlugin:80 - create IPUIPlugin
2024-02-26 14:14:45,031 [INFO] PluginManager:220 - loadIPPluginJar : add plateformsettings
2024-02-26 14:14:45,033 [INFO] IPUIPlugin:80 - create IPUIPlugin
2024-02-26 14:14:45,033 [INFO] PluginManager:220 - loadIPPluginJar : add quadspi
2024-02-26 14:14:45,037 [INFO] IPUIPlugin:80 - create IPUIPlugin
2024-02-26 14:14:45,037 [INFO] PluginManager:220 - loadIPPluginJar : add resmgrutility
2024-02-26 14:14:45,040 [INFO] IPUIPlugin:80 - create IPUIPlugin
2024-02-26 14:14:45,040 [INFO] PluginManager:220 - loadIPPluginJar : add sai
2024-02-26 14:14:45,043 [INFO] IPUIPlugin:80 - create IPUIPlugin
2024-02-26 14:14:45,043 [INFO] PluginManager:220 - loadIPPluginJar : add spi
2024-02-26 14:14:45,049 [INFO] IPUIPlugin:80 - create IPUIPlugin
2024-02-26 14:14:45,049 [INFO] PluginManager:220 - loadIPPluginJar : add stm32_wpan
2024-02-26 14:14:45,050 [INFO] IPUIPlugin:80 - create IPUIPlugin
2024-02-26 14:14:45,050 [INFO] PluginManager:220 - loadIPPluginJar : add tim
2024-02-26 14:14:45,053 [INFO] IPUIPlugin:80 - create IPUIPlugin
2024-02-26 14:14:45,053 [INFO] PluginManager:220 - loadIPPluginJar : add touchsensing
2024-02-26 14:14:45,055 [INFO] IPUIPlugin:80 - create IPUIPlugin
2024-02-26 14:14:45,055 [INFO] PluginManager:220 - loadIPPluginJar : add tracer_emb
2024-02-26 14:14:45,056 [INFO] IPUIPlugin:80 - create IPUIPlugin
2024-02-26 14:14:45,056 [INFO] PluginManager:220 - loadIPPluginJar : add ts
2024-02-26 14:14:45,057 [INFO] IPUIPlugin:80 - create IPUIPlugin
2024-02-26 14:14:45,057 [INFO] PluginManager:220 - loadIPPluginJar : add tsc
2024-02-26 14:14:45,058 [INFO] IPUIPlugin:80 - create IPUIPlugin
2024-02-26 14:14:45,059 [INFO] PluginManager:220 - loadIPPluginJar : add ucpd
2024-02-26 14:14:45,061 [INFO] IPUIPlugin:80 - create IPUIPlugin
2024-02-26 14:14:45,061 [INFO] PluginManager:220 - loadIPPluginJar : add usart
2024-02-26 14:14:45,063 [INFO] IPUIPlugin:80 - create IPUIPlugin
2024-02-26 14:14:45,063 [INFO] PluginManager:220 - loadIPPluginJar : add usbx
2024-02-26 14:14:45,183 [INFO] CADModel:165 - CPN selected for project level
2024-02-26 14:14:45,184 [INFO] CADModel:114 - Register for checkConnection events
2024-02-26 14:14:45,184 [FATAL] Updater:308 - Updater called before beeing initialized
2024-02-26 14:14:45,184 [ERROR] CADModel:125 - Updater not yet initialized, retry later 
2024-02-26 14:14:45,308 [INFO] CADModel:165 - CPN selected for project level
2024-02-26 14:14:45,308 [INFO] CADModel:114 - Register for checkConnection events
2024-02-26 14:14:45,308 [FATAL] Updater:308 - Updater called before beeing initialized
2024-02-26 14:14:45,308 [ERROR] CADModel:125 - Updater not yet initialized, retry later 
2024-02-26 14:14:45,311 [FATAL] Updater:308 - Updater called before beeing initialized
2024-02-26 14:14:45,404 [FATAL] Updater:308 - Updater called before beeing initialized
2024-02-26 14:14:45,409 [INFO] DbMcusAds:53 - JSON generation date=Wed Nov 29 11:52:27 CET 2023 (1701255147349)
2024-02-26 14:14:45,409 [FATAL] Updater:308 - Updater called before beeing initialized
2024-02-26 14:14:45,438 [WARN] DetailPanel:346 - Failed to get advertising image, set to default
2024-02-26 14:14:45,535 [FATAL] Updater:308 - Updater called before beeing initialized
2024-02-26 14:14:45,537 [FATAL] Updater:308 - Updater called before beeing initialized
2024-02-26 14:14:45,537 [FATAL] Updater:308 - Updater called before beeing initialized
2024-02-26 14:14:45,537 [WARN] DetailPanel:346 - Failed to get advertising image, set to default
2024-02-26 14:14:45,537 [FATAL] Updater:308 - Updater called before beeing initialized
2024-02-26 14:14:45,575 [ERROR] Updater:1120 - MainUpdater not yet initialized. External WinMGr cannot be set.
2024-02-26 14:14:45,577 [INFO] Updater:1056 - Updater Version found : 6.10.0
2024-02-26 14:14:45,594 [INFO] ApplicationProperties:184 - Using Application install path: C:\Program Files\STM32CubeIDE_1.14.1\STM32CubeIDE\plugins\com.st.stm32cube.common.mx_6.10.0.202311202037
2024-02-26 14:14:45,837 [INFO] MainUpdater:2873 - connection check result : 10
2024-02-26 14:14:45,838 [INFO] MainUpdater:290 - Updater Check For Update Now.
2024-02-26 14:14:45,838 [INFO] MicroXplorer:498 - Change Database Version : DB.6.0.100
2024-02-26 14:14:45,843 [INFO] McuFinderGlobals:63 - Set McuFinder mode to 2 (CubeIDE integrated)
2024-02-26 14:14:45,843 [INFO] UserAuth:180 - activating auth plugin
2024-02-26 14:14:45,846 [INFO] UserAuth:404 - Internet connection configuration mode: 1
2024-02-26 14:14:45,862 [INFO] JxBrowserEngine:152 - Initiate JxBrowser Engine with user profile folder
2024-02-26 14:14:46,007 [INFO] CheckServerUpdateThread:120 - End of CheckServer Thread
2024-02-26 14:14:46,518 [INFO] WebApp:161 - Instantiating new browser for Auth
2024-02-26 14:14:47,254 [INFO] WebApp:780 - Register for checkConnection events
2024-02-26 14:14:47,254 [INFO] WebApp:414 - Apply proxy settings
2024-02-26 14:14:47,255 [INFO] WebApp:499 - Chromium requires no authentication
2024-02-26 14:14:47,261 [INFO] WebApp:442 - Direct internet connection detected
2024-02-26 14:14:47,421 [INFO] WebApp:192 - Starting web application
2024-02-26 14:14:47,422 [INFO] WebApp:544 - Web application path used C:\Program Files\STM32CubeIDE_1.14.1\STM32CubeIDE\plugins\com.st.stm32cube.common.mx_6.10.0.202311202037\db\plugins\mcufinder\reactClient1\index.html
2024-02-26 14:14:47,704 [WARN] PackLoader:240 - Cannot read IP mode file for STMicroelectronics.X-CUBE-SMBUS.2.1.0
2024-02-26 14:14:47,717 [WARN] PackLoader:240 - Cannot read IP mode file for STMicroelectronics.X-CUBE-TOUCHGFX.4.23.1
2024-02-26 14:14:47,849 [WARN] PackLoader:240 - Cannot read IP mode file for STMicroelectronics.X-CUBE-TOUCHGFX.4.23.0
2024-02-26 14:14:47,897 [WARN] PackLoader:240 - Cannot read IP mode file for STMicroelectronics.X-CUBE-AZRTOS-F7.1.1.0
2024-02-26 14:14:47,912 [WARN] PackLoader:240 - Cannot read IP mode file for STMicroelectronics.FP-SNS-MOTENV1.4.3.2
2024-02-26 14:14:47,922 [WARN] PackLoader:240 - Cannot read IP mode file for STMicroelectronics.FP-SNS-FLIGHT1.5.0.2
2024-02-26 14:14:47,934 [WARN] PackLoader:240 - Cannot read IP mode file for STMicroelectronics.X-CUBE-DISPLAY.3.0.0
2024-02-26 14:14:47,954 [WARN] PackLoader:240 - Cannot read IP mode file for STMicroelectronics.X-CUBE-BLE1.7.0.0
2024-02-26 14:14:47,963 [WARN] PackLoader:240 - Cannot read IP mode file for emotas.I-CUBE-CANOPEN.1.3.0
2024-02-26 14:14:47,971 [WARN] PackLoader:240 - Cannot read IP mode file for STMicroelectronics.FP-SNS-SMARTAG2.1.2.0
2024-02-26 14:14:47,988 [INFO] LogOutputStream:77 - [STDOUT_REDIRECT] 1 : Invalid condition id : UX_CORESTACK_Condition cause : null
2024-02-26 14:14:47,989 [INFO] LogOutputStream:77 - [STDOUT_REDIRECT] 1 : Invalid condition id : UX_CORESTACK_Condition cause : null
2024-02-26 14:14:47,991 [INFO] LogOutputStream:77 - [STDOUT_REDIRECT] 1 : Invalid condition id : UX_CORESTACK_Condition cause : null
2024-02-26 14:14:47,993 [INFO] LogOutputStream:77 - [STDOUT_REDIRECT] 1 : Invalid condition id : UX_CORESTACK_Condition cause : null
2024-02-26 14:14:47,994 [INFO] LogOutputStream:77 - [STDOUT_REDIRECT] 1 : Invalid condition id : UX_CORESTACK_Condition cause : null
2024-02-26 14:14:48,000 [WARN] PackLoader:240 - Cannot read IP mode file for STMicroelectronics.X-CUBE-AZRTOS-WL.2.0.0
2024-02-26 14:14:48,014 [WARN] PackLoader:240 - Cannot read IP mode file for WES.I-CUBE-Cesium.1.3.0
2024-02-26 14:14:48,023 [WARN] PackLoader:240 - Cannot read IP mode file for STMicroelectronics.X-CUBE-BLE2.3.3.0
2024-02-26 14:14:48,082 [WARN] PackLoader:240 - Cannot read IP mode file for STMicroelectronics.X-CUBE-ALGOBUILD.1.3.0
2024-02-26 14:14:48,115 [WARN] PackLoader:240 - Cannot read IP mode file for STMicroelectronics.X-CUBE-AZRTOS-G0.1.1.0
2024-02-26 14:14:48,127 [WARN] PackLoader:240 - Cannot read IP mode file for STMicroelectronics.X-CUBE-NFC4.3.0.0
2024-02-26 14:14:48,141 [WARN] PackLoader:240 - Cannot read IP mode file for STMicroelectronics.X-CUBE-BLEMGR.3.0.0
2024-02-26 14:14:48,150 [WARN] PackLoader:240 - Cannot read IP mode file for STMicroelectronics.FP-ATR-SIGFOX1.3.2.0
2024-02-26 14:14:48,158 [WARN] PackLoader:240 - Cannot read IP mode file for STMicroelectronics.X-CUBE-EEPRMA1.5.1.0
2024-02-26 14:14:48,206 [WARN] PackLoader:240 - Cannot read IP mode file for SEGGER.I-CUBE-embOS.1.3.1
2024-02-26 14:14:48,250 [WARN] PackLoader:240 - Cannot read IP mode file for STMicroelectronics.X-CUBE-GNSS1.6.0.0
2024-02-26 14:14:48,274 [WARN] PackLoader:240 - Cannot read IP mode file for STMicroelectronics.X-CUBE-AZRTOS-F4.1.1.0
2024-02-26 14:14:48,286 [WARN] PackLoader:240 - Cannot read IP mode file for wolfSSL.I-CUBE-wolfSSL.5.6.6
2024-02-26 14:14:48,309 [WARN] PackLoader:240 - Cannot read IP mode file for STMicroelectronics.X-CUBE-AZRTOS-L5.2.0.0
2024-02-26 14:14:48,319 [WARN] PackLoader:240 - Cannot read IP mode file for ITTIA_DB.I-CUBE-ITTIADB.8.8.0
2024-02-26 14:14:48,323 [WARN] PackLoader:240 - Cannot read IP mode file for STMicroelectronics.X-CUBE-NFC7.1.0.1
2024-02-26 14:14:48,331 [WARN] PackLoader:240 - Cannot read IP mode file for STMicroelectronics.X-CUBE-NFC6.3.0.0
2024-02-26 14:14:48,337 [WARN] PackLoader:240 - Cannot read IP mode file for STMicroelectronics.X-CUBE-AI.8.1.0
2024-02-26 14:14:48,357 [WARN] ConditionMgr:438 - getConditionDescription Invalid condition id : LAN8742 Phy interface Condition cause : null
2024-02-26 14:14:48,358 [WARN] PackLoader:240 - Cannot read IP mode file for STMicroelectronics.X-CUBE-AZRTOS-L4.2.0.0
2024-02-26 14:14:48,359 [WARN] ConditionMgr:1039 - genDependencies : Invalid condition id : LAN8742 Phy interface Condition cause : null
2024-02-26 14:14:48,360 [WARN] ConditionMgr:1039 - genDependencies : Invalid condition id : LAN8742 Phy interface Condition cause : null
2024-02-26 14:14:48,360 [WARN] ConditionMgr:1039 - genDependencies : Invalid condition id : LAN8742 Phy interface Condition cause : null
2024-02-26 14:14:48,368 [WARN] PackLoader:240 - Cannot read IP mode file for STMicroelectronics.X-CUBE-SFXS2LP1.4.0.0
2024-02-26 14:14:48,383 [WARN] ConditionMgr:438 - getConditionDescription Invalid condition id : UX DEVICE CLASS RTOS Condition cause : null
2024-02-26 14:14:48,383 [WARN] ConditionMgr:438 - getConditionDescription Invalid condition id : UX DEVICE CLASS RTOS Condition cause : null
2024-02-26 14:14:48,385 [WARN] PackLoader:240 - Cannot read IP mode file for STMicroelectronics.X-CUBE-AZRTOS-WB.2.0.0
2024-02-26 14:14:48,386 [WARN] ConditionMgr:1039 - genDependencies : Invalid condition id : UX DEVICE CLASS RTOS Condition cause : null
2024-02-26 14:14:48,386 [WARN] ConditionMgr:1039 - genDependencies : Invalid condition id : UX DEVICE CLASS RTOS Condition cause : null
2024-02-26 14:14:48,386 [WARN] ConditionMgr:1039 - genDependencies : Invalid condition id : UX DEVICE CLASS RTOS Condition cause : null
2024-02-26 14:14:48,387 [WARN] ConditionMgr:1039 - genDependencies : Invalid condition id : UX DEVICE CLASS RTOS Condition cause : null
2024-02-26 14:14:48,387 [WARN] ConditionMgr:1039 - genDependencies : Invalid condition id : UX DEVICE CLASS RTOS Condition cause : null
2024-02-26 14:14:48,397 [WARN] PackLoader:240 - Cannot read IP mode file for STMicroelectronics.X-CUBE-SUBG2.5.0.0
2024-02-26 14:14:48,421 [WARN] PackLoader:240 - Cannot read IP mode file for STMicroelectronics.X-CUBE-AZRTOS-G4.2.0.0
2024-02-26 14:14:48,434 [WARN] PackLoader:240 - Cannot read IP mode file for Infineon.AIROC-Wi-Fi-Bluetooth-STM32.1.5.1
2024-02-26 14:14:48,442 [WARN] PackLoader:240 - Cannot read IP mode file for STMicroelectronics.FP-SNS-MOTENVWB1.1.3.1
2024-02-26 14:14:48,447 [WARN] PackLoader:240 - Cannot read IP mode file for STMicroelectronics.X-CUBE-ISPU.2.0.0
2024-02-26 14:14:48,486 [WARN] PackLoader:240 - Cannot read IP mode file for STMicroelectronics.X-CUBE-MEMS1.10.0.0
2024-02-26 14:14:48,676 [WARN] PackLoader:240 - Cannot read IP mode file for STMicroelectronics.X-CUBE-FREERTOS.1.1.0
2024-02-26 14:14:48,684 [WARN] PackLoader:240 - Cannot read IP mode file for portGmbH.I-Cube-SoM-uGOAL.1.1.0
2024-02-26 14:14:48,688 [WARN] PackLoader:240 - Cannot read IP mode file for STMicroelectronics.X-CUBE-ALS.1.0.1
2024-02-26 14:14:48,692 [WARN] PackLoader:240 - Cannot read IP mode file for STMicroelectronics.FP-ATR-ASTRA1.2.0.0
2024-02-26 14:14:48,702 [WARN] PackLoader:240 - Cannot read IP mode file for STMicroelectronics.X-CUBE-TOF1.3.4.0
2024-02-26 14:14:48,734 [WARN] PackLoader:240 - Cannot read IP mode file for STMicroelectronics.X-CUBE-AZRTOS-H7.3.2.0
2024-02-26 14:14:48,738 [INFO] ThirdParty:978 - Integrity check success = true
2024-02-26 14:14:48,739 [INFO] IntegrityCheckThread:100 - exiting critical section [integrity check]
2024-02-26 14:14:48,739 [INFO] IntegrityCheckThread:103 - End integrity checks thread
2024-02-26 14:15:07,801 [ERROR] LogOutputStream:75 - [STDERR_REDIRECT] SLF4J: Failed to load class "org.slf4j.impl.StaticLoggerBinder".
2024-02-26 14:15:07,802 [ERROR] LogOutputStream:75 - [STDERR_REDIRECT] SLF4J: Defaulting to no-operation (NOP) logger implementation
2024-02-26 14:15:07,803 [ERROR] LogOutputStream:75 - [STDERR_REDIRECT] SLF4J: See http://www.slf4j.org/codes.html#StaticLoggerBinder for further details.
